{"/Users/matthewanglin/dev/adapt-gatsby-starter-fresh/src/components/Button/Button.jsx": {"path":"/Users/matthewanglin/dev/adapt-gatsby-starter-fresh/src/components/Button/Button.jsx","statementMap":{"0":{"start":{"line":3,"column":22},"end":{"line":3,"column":68}},"1":{"start":{"line":3,"column":33},"end":{"line":3,"column":68}}},"fnMap":{"0":{"name":"(anonymous_0)","decl":{"start":{"line":3,"column":22},"end":{"line":3,"column":23}},"loc":{"start":{"line":3,"column":33},"end":{"line":3,"column":68}},"line":3}},"branchMap":{},"s":{"0":1,"1":1},"f":{"0":1},"b":{},"_coverageSchema":"1a1c01bbd47fc00a2c39e90264f33305004495a9","hash":"08c6f186ec11d582d18f866e02c3e06739e53491"}
}
